Start testing: Mar 03 10:29 CST
----------------------------------------------------------
1/5 Testing: test_run
1/5 Test: test_run
Command: "/Users/chenchao/Desktop/learnCmake/Demo5/build/Demo" "5" "2"
Directory: /Users/chenchao/Desktop/learnCmake/Demo5/build
"test_run" start time: Mar 03 10:29 CST
Output:
----------------------------------------------------------
5 ^ 2 is 25
<end of output>
Test time =   0.37 sec
----------------------------------------------------------
Test Passed.
"test_run" end time: Mar 03 10:29 CST
"test_run" time elapsed: 00:00:00
----------------------------------------------------------

2/5 Testing: test_usage
2/5 Test: test_usage
Command: "/Users/chenchao/Desktop/learnCmake/Demo5/build/Demo"
Directory: /Users/chenchao/Desktop/learnCmake/Demo5/build
"test_usage" start time: Mar 03 10:29 CST
Output:
----------------------------------------------------------
Usage: /Users/chenchao/Desktop/learnCmake/Demo5/build/Demo base exponent 
<end of output>
Test time =   0.00 sec
----------------------------------------------------------
Test Pass Reason:
Required regular expression found. Regex=[Usage: .* base exponent]
"test_usage" end time: Mar 03 10:29 CST
"test_usage" time elapsed: 00:00:00
----------------------------------------------------------

3/5 Testing: test_5_2
3/5 Test: test_5_2
Command: "/Users/chenchao/Desktop/learnCmake/Demo5/build/Demo" "5" "2"
Directory: /Users/chenchao/Desktop/learnCmake/Demo5/build
"test_5_2" start time: Mar 03 10:29 CST
Output:
----------------------------------------------------------
5 ^ 2 is 25
<end of output>
Test time =   0.00 sec
----------------------------------------------------------
Test Pass Reason:
Required regular expression found. Regex=[is 25]
"test_5_2" end time: Mar 03 10:29 CST
"test_5_2" time elapsed: 00:00:00
----------------------------------------------------------

4/5 Testing: test_10_5
4/5 Test: test_10_5
Command: "/Users/chenchao/Desktop/learnCmake/Demo5/build/Demo" "10" "5"
Directory: /Users/chenchao/Desktop/learnCmake/Demo5/build
"test_10_5" start time: Mar 03 10:29 CST
Output:
----------------------------------------------------------
10 ^ 5 is 100000
<end of output>
Test time =   0.00 sec
----------------------------------------------------------
Test Pass Reason:
Required regular expression found. Regex=[is 100000]
"test_10_5" end time: Mar 03 10:29 CST
"test_10_5" time elapsed: 00:00:00
----------------------------------------------------------

5/5 Testing: test_2_10
5/5 Test: test_2_10
Command: "/Users/chenchao/Desktop/learnCmake/Demo5/build/Demo" "2" "10"
Directory: /Users/chenchao/Desktop/learnCmake/Demo5/build
"test_2_10" start time: Mar 03 10:29 CST
Output:
----------------------------------------------------------
2 ^ 10 is 1024
<end of output>
Test time =   0.00 sec
----------------------------------------------------------
Test Pass Reason:
Required regular expression found. Regex=[is 1024]
"test_2_10" end time: Mar 03 10:29 CST
"test_2_10" time elapsed: 00:00:00
----------------------------------------------------------

End testing: Mar 03 10:29 CST
